mode: set
github.com/iggym/addressapi/addressapi.go:28.65,30.33 2 0
github.com/iggym/addressapi/addressapi.go:36.2,36.39 1 0
github.com/iggym/addressapi/addressapi.go:30.33,31.30 1 0
github.com/iggym/addressapi/addressapi.go:31.30,34.4 2 0
github.com/iggym/addressapi/addressapi.go:38.67,40.2 1 1
github.com/iggym/addressapi/addressapi.go:41.68,49.2 7 1
github.com/iggym/addressapi/addressapi.go:50.68,53.37 3 0
github.com/iggym/addressapi/addressapi.go:60.2,63.38 4 0
github.com/iggym/addressapi/addressapi.go:53.37,54.30 1 0
github.com/iggym/addressapi/addressapi.go:58.3,58.39 1 0
github.com/iggym/addressapi/addressapi.go:54.30,56.9 2 0
github.com/iggym/addressapi/addressapi.go:66.68,68.37 2 0
github.com/iggym/addressapi/addressapi.go:68.37,69.30 1 0
github.com/iggym/addressapi/addressapi.go:73.3,73.39 1 0
github.com/iggym/addressapi/addressapi.go:69.30,71.9 2 0
github.com/iggym/addressapi/addressapi.go:80.53,84.57 4 0
github.com/iggym/addressapi/addressapi.go:89.2,89.48 1 0
github.com/iggym/addressapi/addressapi.go:94.2,95.51 2 0
github.com/iggym/addressapi/addressapi.go:104.2,112.16 7 0
github.com/iggym/addressapi/addressapi.go:117.2,118.36 2 0
github.com/iggym/addressapi/addressapi.go:126.2,127.24 2 0
github.com/iggym/addressapi/addressapi.go:84.57,87.3 2 0
github.com/iggym/addressapi/addressapi.go:89.48,92.3 2 0
github.com/iggym/addressapi/addressapi.go:95.51,96.42 1 0
github.com/iggym/addressapi/addressapi.go:96.42,102.4 5 0
github.com/iggym/addressapi/addressapi.go:112.16,115.3 2 0
github.com/iggym/addressapi/addressapi.go:118.36,124.3 5 0
github.com/iggym/addressapi/addressapi.go:130.34,131.16 1 0
github.com/iggym/addressapi/addressapi.go:131.16,134.3 2 0
github.com/iggym/addressapi/addressapi.go:137.55,143.18 4 0
github.com/iggym/addressapi/addressapi.go:146.2,148.27 2 0
github.com/iggym/addressapi/addressapi.go:156.2,158.35 3 0
github.com/iggym/addressapi/addressapi.go:143.18,145.3 1 0
github.com/iggym/addressapi/addressapi.go:148.27,151.19 3 0
github.com/iggym/addressapi/addressapi.go:154.3,154.130 1 0
github.com/iggym/addressapi/addressapi.go:151.19,153.4 1 0
github.com/iggym/addressapi/addressapi.go:160.44,161.16 1 0
github.com/iggym/addressapi/addressapi.go:161.16,163.3 1 0
github.com/iggym/addressapi/addressapi.go:166.27,169.18 2 0
github.com/iggym/addressapi/addressapi.go:172.2,172.49 1 0
github.com/iggym/addressapi/addressapi.go:169.18,171.3 1 0
github.com/iggym/addressapi/addressapi.go:174.19,178.24 2 0
github.com/iggym/addressapi/addressapi.go:185.2,185.52 1 0
github.com/iggym/addressapi/addressapi.go:178.24,180.19 2 0
github.com/iggym/addressapi/addressapi.go:183.3,183.21 1 0
github.com/iggym/addressapi/addressapi.go:180.19,182.4 1 0
github.com/iggym/addressapi/addressapi.go:188.30,189.16 1 0
github.com/iggym/addressapi/addressapi.go:193.2,193.21 1 0
github.com/iggym/addressapi/addressapi.go:189.16,191.3 1 0
github.com/iggym/addressapi/addressapi.go:195.29,208.2 10 1
github.com/iggym/addressapi/addressapi.go:210.13,219.2 6 0
